[2022-10-24 16:16:40] [ INFO ] [App:21] java.lang.NullPointerException: Cannot invoke "com.husogroup.classes.Fecha.setEstado(String)" because "fecha2" is null
[2022-10-24 16:24:15] [ INFO ] [App:21] java.lang.NullPointerException: Cannot invoke "com.husogroup.classes.Fecha.setEstado(String)" because "fecha2" is null
[2022-10-24 16:46:52] [ INFO ] [App:21] jakarta.persistence.PersistenceException: Converting `org.hibernate.exception.DataException` to JPA `PersistenceException` : could not execute statement
[2022-10-24 16:47:50] [ INFO ] [App:21] jakarta.persistence.PersistenceException: Converting `org.hibernate.exception.DataException` to JPA `PersistenceException` : could not execute statement
[2022-10-24 16:50:23] [ INFO ] [App:21] Actualizado
[2022-10-25 09:22:24] [ ERROR] [FechaController:167] Cannot invoke "com.husogroup.classes.Fecha.setEstado(String)" because "fecha2" is null
java.lang.NullPointerException: Cannot invoke "com.husogroup.classes.Fecha.setEstado(String)" because "fecha2" is null
	at com.husogroup.controller.FechaController.DoubleUpdate(FechaController.java:158)
	at com.husogroup.classes.App.main(App.java:19)
[2022-10-25 14:25:20] [ ERROR] [AdministradorController:58] Could not locate cfg.xml resource [hibernate.cgf.xml]
org.hibernate.internal.util.config.ConfigurationException: Could not locate cfg.xml resource [hibernate.cgf.xml]
	at org.hibernate.boot.cfgxml.internal.ConfigLoader.loadConfigXmlResource(ConfigLoader.java:53)
	at org.hibernate.boot.registry.StandardServiceRegistryBuilder.configure(StandardServiceRegistryBuilder.java:244)
	at org.hibernate.cfg.Configuration.configure(Configuration.java:304)
	at com.husogroup.model.AdministradorModel.get(AdministradorModel.java:68)
	at com.husogroup.controller.AdministradorController.get(AdministradorController.java:55)
	at com.husogroup.classes.App.main(App.java:29)
[2022-10-25 14:26:16] [ ERROR] [AdministradorController:58] Could not locate cfg.xml resource [hibernate.cgf.xml]
org.hibernate.internal.util.config.ConfigurationException: Could not locate cfg.xml resource [hibernate.cgf.xml]
	at org.hibernate.boot.cfgxml.internal.ConfigLoader.loadConfigXmlResource(ConfigLoader.java:53)
	at org.hibernate.boot.registry.StandardServiceRegistryBuilder.configure(StandardServiceRegistryBuilder.java:244)
	at org.hibernate.cfg.Configuration.configure(Configuration.java:304)
	at com.husogroup.model.AdministradorModel.get(AdministradorModel.java:68)
	at com.husogroup.controller.AdministradorController.get(AdministradorController.java:55)
	at com.husogroup.classes.App.main(App.java:29)
[2022-10-25 14:30:48] [ ERROR] [AdministradorController:58] Mapping (RESOURCE) not found : com/husogroup/classes/Administrador.hbm.xml : origin(com/husogroup/classes/Administrador.hbm.xml)
org.hibernate.boot.MappingNotFoundException: Mapping (RESOURCE) not found : com/husogroup/classes/Administrador.hbm.xml : origin(com/husogroup/classes/Administrador.hbm.xml)
	at org.hibernate.boot.jaxb.internal.XmlSources.fromResource(XmlSources.java:48)
	at org.hibernate.boot.MetadataSources.addResource(MetadataSources.java:330)
	at org.hibernate.cfg.Configuration.addResource(Configuration.java:528)
	at org.hibernate.cfg.Configuration.addClass(Configuration.java:552)
	at com.husogroup.model.AdministradorModel.get(AdministradorModel.java:69)
	at com.husogroup.controller.AdministradorController.get(AdministradorController.java:55)
	at com.husogroup.classes.App.main(App.java:29)
