[2022-10-27 13:31:27] [ ERROR] [CitaDao:34] Converting `org.hibernate.exception.ConstraintViolationException` to JPA `PersistenceException` : could not execute statement
jakarta.persistence.PersistenceException: Converting `org.hibernate.exception.ConstraintViolationException` to JPA `PersistenceException` : could not execute statement
	at org.hibernate.internal.ExceptionConverterImpl.convert(ExceptionConverterImpl.java:165)
	at org.hibernate.internal.ExceptionConverterImpl.convert(ExceptionConverterImpl.java:175)
	at org.hibernate.internal.ExceptionConverterImpl.convert(ExceptionConverterImpl.java:182)
	at org.hibernate.internal.SessionImpl.doFlush(SessionImpl.java:1426)
	at org.hibernate.internal.SessionImpl.managedFlush(SessionImpl.java:476)
	at org.hibernate.internal.SessionImpl.flushBeforeTransactionCompletion(SessionImpl.java:2233)
	at org.hibernate.internal.SessionImpl.beforeTransactionCompletion(SessionImpl.java:1929)
	at org.hibernate.engine.jdbc.internal.JdbcCoordinatorImpl.beforeTransactionCompletion(JdbcCoordinatorImpl.java:439)
	at org.hibernate.resource.transaction.backend.jdbc.internal.JdbcResourceLocalTransactionCoordinatorImpl.beforeCompletionCallback(JdbcResourceLocalTransactionCoordinatorImpl.java:183)
	at org.hibernate.resource.transaction.backend.jdbc.internal.JdbcResourceLocalTransactionCoordinatorImpl$TransactionDriverControlImpl.commit(JdbcResourceLocalTransactionCoordinatorImpl.java:281)
	at org.hibernate.engine.transaction.internal.TransactionImpl.commit(TransactionImpl.java:101)
	at com.husogroup.dao.CitaDao.create(CitaDao.java:27)
	at com.husogroup.service.CitaService.create(CitaService.java:23)
	at App.main(App.java:21)
Caused by: org.hibernate.exception.ConstraintViolationException: could not execute statement
	at org.hibernate.exception.internal.SQLExceptionTypeDelegate.convert(SQLExceptionTypeDelegate.java:60)
	at org.hibernate.exception.internal.StandardSQLExceptionConverter.convert(StandardSQLExceptionConverter.java:56)
	at org.hibernate.engine.jdbc.spi.SqlExceptionHelper.convert(SqlExceptionHelper.java:109)
	at org.hibernate.engine.jdbc.spi.SqlExceptionHelper.convert(SqlExceptionHelper.java:95)
	at org.hibernate.engine.jdbc.internal.ResultSetReturnImpl.executeUpdate(ResultSetReturnImpl.java:200)
	at org.hibernate.persister.entity.AbstractEntityPersister.insert(AbstractEntityPersister.java:3389)
	at org.hibernate.persister.entity.AbstractEntityPersister.insert(AbstractEntityPersister.java:3988)
	at org.hibernate.action.internal.EntityInsertAction.execute(EntityInsertAction.java:103)
	at org.hibernate.engine.spi.ActionQueue.executeActions(ActionQueue.java:612)
	at org.hibernate.engine.spi.ActionQueue.lambda$executeActions$1(ActionQueue.java:483)
	at java.base/java.util.LinkedHashMap.forEach(LinkedHashMap.java:729)
	at org.hibernate.engine.spi.ActionQueue.executeActions(ActionQueue.java:480)
	at org.hibernate.event.internal.AbstractFlushingEventListener.performExecutions(AbstractFlushingEventListener.java:329)
	at org.hibernate.event.internal.DefaultFlushEventListener.onFlush(DefaultFlushEventListener.java:39)
	at org.hibernate.event.service.internal.EventListenerGroupImpl.fireEventOnEachListener(EventListenerGroupImpl.java:107)
	at org.hibernate.internal.SessionImpl.doFlush(SessionImpl.java:1422)
	... 10 more
Caused by: java.sql.SQLIntegrityConstraintViolationException: Cannot add or update a child row: a foreign key constraint fails (`husop2sis1`.`cita`, CONSTRAINT `cita_ibfk_2` FOREIGN KEY (`administradorId`) REFERENCES `administrador` (`id`))
	at com.mysql.cj.jdbc.exceptions.SQLError.createSQLException(SQLError.java:117)
	at com.mysql.cj.jdbc.exceptions.SQLExceptionsMapping.translateException(SQLExceptionsMapping.java:122)
	at com.mysql.cj.jdbc.ClientPreparedStatement.executeInternal(ClientPreparedStatement.java:916)
	at com.mysql.cj.jdbc.ClientPreparedStatement.executeUpdateInternal(ClientPreparedStatement.java:1061)
	at com.mysql.cj.jdbc.ClientPreparedStatement.executeUpdateInternal(ClientPreparedStatement.java:1009)
	at com.mysql.cj.jdbc.ClientPreparedStatement.executeLargeUpdate(ClientPreparedStatement.java:1320)
	at com.mysql.cj.jdbc.ClientPreparedStatement.executeUpdate(ClientPreparedStatement.java:994)
	at org.hibernate.engine.jdbc.internal.ResultSetReturnImpl.executeUpdate(ResultSetReturnImpl.java:197)
	... 21 more
